<?xml version="1.0" encoding="UTF-8"?>
<!-- Generated by org.testng.reporters.JUnitReportReporter -->
<testsuite skipped="1" hostname="58-s07" name="com.applect.meritnationmobile.scripts.MobileLogoutTest" tests="1" failures="0" timestamp="17 Mar 2021 07:43:43 GMT" time="0.000" errors="0">
  <testcase name="TC002_verifyAskAndAnswerPageOnLogout" time="0.000" classname="com.applect.meritnationmobile.scripts.MobileLogoutTest">
    <skipped/>
  </testcase> <!-- TC002_verifyAskAndAnswerPageOnLogout -->
</testsuite> <!-- com.applect.meritnationmobile.scripts.MobileLogoutTest -->
