<?xml version="1.0" encoding="UTF-8"?>
<!-- Generated by org.testng.reporters.JUnitReportReporter -->
<testsuite skipped="1" hostname="58-s07" name="com.applect.meritnationmobile.scripts.MobileStudyTest" tests="1" failures="0" timestamp="17 Mar 2021 07:43:43 GMT" time="0.000" errors="0">
  <testcase name="TC_001_VerifyStudyPhysicsTopicTest" time="0.000" classname="com.applect.meritnationmobile.scripts.MobileStudyTest">
    <skipped/>
  </testcase> <!-- TC_001_VerifyStudyPhysicsTopicTest -->
</testsuite> <!-- com.applect.meritnationmobile.scripts.MobileStudyTest -->
