<?xml version="1.0" encoding="UTF-8"?>
<!-- Generated by org.testng.reporters.JUnitReportReporter -->
<testsuite skipped="0" hostname="58-s07" name="com.applect.meritnation.scripts.CreateAccountTest" tests="3" failures="0" timestamp="19 Mar 2021 11:59:34 GMT" time="91.660" errors="0">
  <testcase name="TC_004_AddItemsIntoCart" time="40.456" classname="com.applect.meritnation.scripts.CreateAccountTest"/>
  <testcase name="TC_002_SignInIntoAmazon" time="24.237" classname="com.applect.meritnation.scripts.CreateAccountTest"/>
  <testcase name="TC_003_SearchItemsIntoAmazon" time="26.967" classname="com.applect.meritnation.scripts.CreateAccountTest"/>
</testsuite> <!-- com.applect.meritnation.scripts.CreateAccountTest -->
