<?xml version="1.0" encoding="UTF-8"?>
<!-- Generated by org.testng.reporters.JUnitReportReporter -->
<testsuite skipped="2" hostname="58-s07" name="com.applect.meritnation.scripts.LoginTest" tests="2" failures="0" timestamp="17 Mar 2021 07:43:35 GMT" time="0.000" errors="0">
  <testcase name="TC_001_LoginTest" time="0.000" classname="com.applect.meritnation.scripts.LoginTest">
    <skipped/>
  </testcase> <!-- TC_001_LoginTest -->
  <testcase name="TC_005_VerifyDashboard" time="0.000" classname="com.applect.meritnation.scripts.LoginTest">
    <skipped/>
  </testcase> <!-- TC_005_VerifyDashboard -->
</testsuite> <!-- com.applect.meritnation.scripts.LoginTest -->
