<?xml version="1.0" encoding="UTF-8"?>
<!-- Generated by org.testng.reporters.JUnitReportReporter -->
<testsuite skipped="9" hostname="58-s07" name="com.applect.meritnation.scripts.StudyTest" tests="9" failures="0" timestamp="17 Mar 2021 07:43:35 GMT" time="0.000" errors="0">
  <testcase name="TC_003_VerifyStudyPhysicsTopicConceptsTest" time="0.000" classname="com.applect.meritnation.scripts.StudyTest">
    <skipped/>
  </testcase> <!-- TC_003_VerifyStudyPhysicsTopicConceptsTest -->
  <testcase name="TC_010_VerifyStudyPhysicsTopicBoardPaperQuestionsTest" time="0.000" classname="com.applect.meritnation.scripts.StudyTest">
    <skipped/>
  </testcase> <!-- TC_010_VerifyStudyPhysicsTopicBoardPaperQuestionsTest -->
  <testcase name="TC_005_VerifyStudyPhysicsTopicAssignmentTest" time="0.000" classname="com.applect.meritnation.scripts.StudyTest">
    <skipped/>
  </testcase> <!-- TC_005_VerifyStudyPhysicsTopicAssignmentTest -->
  <testcase name="TC_002_verifyStudyPhysicsTopicLiveClasssesTest" time="0.000" classname="com.applect.meritnation.scripts.StudyTest">
    <skipped/>
  </testcase> <!-- TC_002_verifyStudyPhysicsTopicLiveClasssesTest -->
  <testcase name="TC_001_VerifyStudyPhysicsPageTest" time="0.000" classname="com.applect.meritnation.scripts.StudyTest">
    <skipped/>
  </testcase> <!-- TC_001_VerifyStudyPhysicsPageTest -->
  <testcase name="TC_006_VerifyStudyPhysicsTopicTestsTest" time="0.000" classname="com.applect.meritnation.scripts.StudyTest">
    <skipped/>
  </testcase> <!-- TC_006_VerifyStudyPhysicsTopicTestsTest -->
  <testcase name="TC_053_VerifyBoardPapterSolutionTest" time="0.000" classname="com.applect.meritnation.scripts.StudyTest">
    <skipped/>
  </testcase> <!-- TC_053_VerifyBoardPapterSolutionTest -->
  <testcase name="TC_011_VerifyStudyPhysicsTopicFormativeAssesmentTest" time="0.000" classname="com.applect.meritnation.scripts.StudyTest">
    <skipped/>
  </testcase> <!-- TC_011_VerifyStudyPhysicsTopicFormativeAssesmentTest -->
  <testcase name="TC_004_VerifyStudyPhysicsTopicPracticeTest" time="0.000" classname="com.applect.meritnation.scripts.StudyTest">
    <skipped/>
  </testcase> <!-- TC_004_VerifyStudyPhysicsTopicPracticeTest -->
</testsuite> <!-- com.applect.meritnation.scripts.StudyTest -->
