<?xml version="1.0" encoding="UTF-8"?>
<!-- Generated by org.testng.reporters.JUnitReportReporter -->
<testsuite skipped="3" hostname="58-s07" name="com.applect.meritnation.scripts.AsknAnswerTest" tests="3" failures="0" timestamp="17 Mar 2021 07:43:35 GMT" time="0.000" errors="0">
  <testcase name="TC_001_AskQuestionTest" time="0.000" classname="com.applect.meritnation.scripts.AsknAnswerTest">
    <skipped/>
  </testcase> <!-- TC_001_AskQuestionTest -->
  <testcase name="TC_001_AskQuestionTestWithImage" time="0.000" classname="com.applect.meritnation.scripts.AsknAnswerTest">
    <skipped/>
  </testcase> <!-- TC_001_AskQuestionTestWithImage -->
  <testcase name="TC_003_VerifyUserProfileFromRecommendedQuestionsTest" time="0.000" classname="com.applect.meritnation.scripts.AsknAnswerTest">
    <skipped/>
  </testcase> <!-- TC_003_VerifyUserProfileFromRecommendedQuestionsTest -->
</testsuite> <!-- com.applect.meritnation.scripts.AsknAnswerTest -->
